<?xml version="1.0" encoding="UTF-8"?>
<testsuite xmlns:xsi="http://www.w3.org/2001/XMLSchema-instance" xsi:noNamespaceSchemaLocation="https://maven.apache.org/surefire/maven-surefire-plugin/xsd/surefire-test-report.xsd" name="com.hvl.feedApp.FeedAppApplicationTests" time="5.343" tests="2" errors="0" skipped="0" failures="0">
  <properties>
[...]
</properties>
  <testcase name="contextLoads" classname="com.hvl.feedApp.FeedAppApplicationTests" time="0.198"/>
  <testcase name="initPollAndUserEntities" classname="com.hvl.feedApp.FeedAppApplicationTests" time="0.003"/>
</testsuite>